  Renderer.cpp
D:\Visual Studio\Project\ShaderSampleProject\SimpleGame\Renderer.cpp(110,34): warning C4267: '=': 'size_t'에서 'GLint'(으)로 변환하면서 데이터가 손실될 수 있습니다.
D:\Visual Studio\Project\ShaderSampleProject\SimpleGame\Renderer.cpp(258,17): warning C4305: '+=': 'double'에서 'float'(으)로 잘립니다.
D:\Visual Studio\Project\ShaderSampleProject\SimpleGame\Renderer.cpp(309,17): warning C4305: '+=': 'double'에서 'float'(으)로 잘립니다.
D:\Visual Studio\Project\ShaderSampleProject\SimpleGame\Renderer.cpp(357,58): warning C4267: '인수': 'size_t'에서 'GLsizei'(으)로 변환하면서 데이터가 손실될 수 있습니다.
D:\Visual Studio\Project\ShaderSampleProject\SimpleGame\Renderer.cpp(717,23): warning C4018: '<': signed 또는 unsigned가 일치하지 않습니다.
D:\Visual Studio\Project\ShaderSampleProject\SimpleGame\Renderer.cpp(771,46): warning C4244: '인수': 'double'에서 '_Ty'(으)로 변환하면서 데이터가 손실될 수 있습니다.
          with
          [
              _Ty=float
          ]
D:\Visual Studio\Project\ShaderSampleProject\SimpleGame\Renderer.cpp(777,46): warning C4244: '인수': 'double'에서 '_Ty'(으)로 변환하면서 데이터가 손실될 수 있습니다.
          with
          [
              _Ty=float
          ]
D:\Visual Studio\Project\ShaderSampleProject\SimpleGame\Renderer.cpp(783,46): warning C4244: '인수': 'double'에서 '_Ty'(으)로 변환하면서 데이터가 손실될 수 있습니다.
          with
          [
              _Ty=float
          ]
D:\Visual Studio\Project\ShaderSampleProject\SimpleGame\Renderer.cpp(789,46): warning C4244: '인수': 'double'에서 '_Ty'(으)로 변환하면서 데이터가 손실될 수 있습니다.
          with
          [
              _Ty=float
          ]
D:\Visual Studio\Project\ShaderSampleProject\SimpleGame\Renderer.cpp(795,46): warning C4244: '인수': 'double'에서 '_Ty'(으)로 변환하면서 데이터가 손실될 수 있습니다.
          with
          [
              _Ty=float
          ]
D:\Visual Studio\Project\ShaderSampleProject\SimpleGame\Renderer.cpp(801,46): warning C4244: '인수': 'double'에서 '_Ty'(으)로 변환하면서 데이터가 손실될 수 있습니다.
          with
          [
              _Ty=float
          ]
D:\Visual Studio\Project\ShaderSampleProject\SimpleGame\Renderer.cpp(851,59): warning C4244: '인수': 'GLuint'에서 'GLfloat'(으)로 변환하면서 데이터가 손실될 수 있습니다.
D:\Visual Studio\Project\ShaderSampleProject\SimpleGame\Renderer.cpp(852,59): warning C4244: '인수': 'GLuint'에서 'GLfloat'(으)로 변환하면서 데이터가 손실될 수 있습니다.
D:\Visual Studio\Project\ShaderSampleProject\SimpleGame\Renderer.cpp(1071,38): warning C4244: '인수': 'int'에서 'GLfloat'(으)로 변환하면서 데이터가 손실될 수 있습니다.
D:\Visual Studio\Project\ShaderSampleProject\SimpleGame\Renderer.cpp(1074,47): warning C4244: '인수': 'int'에서 'GLfloat'(으)로 변환하면서 데이터가 손실될 수 있습니다.
  SimpleGame.vcxproj -> D:\Visual Studio\Project\ShaderSampleProject\x64\Debug\SimpleGame.exe
